<?xml version="1.0" encoding="UTF-8"?>
<!-- Generated by org.testng.reporters.JUnitReportReporter -->
<testsuite skipped="0" hostname="LAPTOP-NT0ASD3I" name="org.testNg.TestNgEx" tests="2" failures="0" timestamp="03 Jan 2023 14:15:11 GMT" time="50.253" errors="0">
  <testcase name="sampletest" time="23.151" classname="org.testNg.TestNgEx"/>
  <testcase name="sampletest" time="27.102" classname="org.testNg.TestNgEx"/>
</testsuite> <!-- org.testNg.TestNgEx -->
